<?xml version="1.0" encoding="UTF-8"?>
<!-- Generated by org.testng.reporters.JUnitXMLReporter -->
<testsuite hostname="WINCTRL-HCOKKA5" ignored="0" name="Test" tests="6" failures="1" timestamp="12 Feb 2018 10:23:26 GMT" time="107.208" errors="0">
  <testcase name="loginTest" time="24.061" classname="com.rerun.faiure.listeners.RetryTest">
    <skipped/>
  </testcase> <!-- loginTest -->
  <testcase name="loginTest" time="16.788" classname="com.rerun.faiure.listeners.RetryTest">
    <skipped/>
  </testcase> <!-- loginTest -->
  <testcase name="loginTest" time="19.545" classname="com.rerun.faiure.listeners.RetryTest">
    <skipped/>
  </testcase> <!-- loginTest -->
  <testcase name="loginTest" time="15.037" classname="com.rerun.faiure.listeners.RetryTest">
    <skipped/>
  </testcase> <!-- loginTest -->
  <testcase name="loginTest" time="15.105" classname="com.rerun.faiure.listeners.RetryTest">
    <skipped/>
  </testcase> <!-- loginTest -->
  <testcase name="loginTest" time="16.521" classname="com.rerun.faiure.listeners.RetryTest">
    <failure type="org.openqa.selenium.NoSuchElementException" message="Unable to locate element: //input[@type=&amp;apos;1email&amp;apos;]
For documentation on this error, please visit: http://seleniumhq.org/exceptions/no_such_element.html
Build info: version: &amp;apos;3.8.1&amp;apos;, revision: &amp;apos;6e95a6684b&amp;apos;, time: &amp;apos;2017-12-01T18:33:54.468Z&amp;apos;
System info: host: &amp;apos;WINCTRL-HCOKKA5&amp;apos;, ip: &amp;apos;192.168.226.1&amp;apos;, os.name: &amp;apos;Windows 7&amp;apos;, os.arch: &amp;apos;amd64&amp;apos;, os.version: &amp;apos;6.1&amp;apos;, java.version: &amp;apos;1.8.0_161&amp;apos;
Driver info: org.openqa.selenium.firefox.FirefoxDriver
Capabilities {acceptInsecureCerts: true, browserName: firefox, browserVersion: 56.0, javascriptEnabled: true, moz:accessibilityChecks: false, moz:headless: false, moz:processID: 9460, moz:profile: C:\Users\purushotham\AppDat..., pageLoadStrategy: normal, platform: XP, platformName: XP, platformVersion: 6.1, rotatable: false, specificationLevel: 0, timeouts: {implicit: 0, pageLoad: 300000, script: 30000}}
Session ID: 94f04fda-9737-4c33-b0ce-1d9df1a003d4
*** Element info: {Using=xpath, value=//input[@type=&amp;apos;1email&amp;apos;]}">
      <![CDATA[org.openqa.selenium.NoSuchElementException: Unable to locate element: //input[@type='1email']
For documentation on this error, please visit: http://seleniumhq.org/exceptions/no_such_element.html
Build info: version: '3.8.1', revision: '6e95a6684b', time: '2017-12-01T18:33:54.468Z'
System info: host: 'WINCTRL-HCOKKA5', ip: '192.168.226.1', os.name: 'Windows 7', os.arch: 'amd64', os.version: '6.1', java.version: '1.8.0_161'
Driver info: org.openqa.selenium.firefox.FirefoxDriver
Capabilities {acceptInsecureCerts: true, browserName: firefox, browserVersion: 56.0, javascriptEnabled: true, moz:accessibilityChecks: false, moz:headless: false, moz:processID: 9460, moz:profile: C:\Users\purushotham\AppDat..., pageLoadStrategy: normal, platform: XP, platformName: XP, platformVersion: 6.1, rotatable: false, specificationLevel: 0, timeouts: {implicit: 0, pageLoad: 300000, script: 30000}}
Session ID: 94f04fda-9737-4c33-b0ce-1d9df1a003d4
*** Element info: {Using=xpath, value=//input[@type='1email']}
	at org.openqa.selenium.remote.http.W3CHttpResponseCodec.createException(W3CHttpResponseCodec.java:187)
	at org.openqa.selenium.remote.http.W3CHttpResponseCodec.decode(W3CHttpResponseCodec.java:122)
	at org.openqa.selenium.remote.http.W3CHttpResponseCodec.decode(W3CHttpResponseCodec.java:49)
	at org.openqa.selenium.remote.HttpCommandExecutor.execute(HttpCommandExecutor.java:164)
	at org.openqa.selenium.remote.service.DriverCommandExecutor.execute(DriverCommandExecutor.java:83)
	at org.openqa.selenium.remote.RemoteWebDriver.execute(RemoteWebDriver.java:601)
	at org.openqa.selenium.remote.RemoteWebDriver.findElement(RemoteWebDriver.java:371)
	at org.openqa.selenium.remote.RemoteWebDriver.findElementByXPath(RemoteWebDriver.java:473)
	at org.openqa.selenium.By$ByXPath.findElement(By.java:361)
	at org.openqa.selenium.remote.RemoteWebDriver.findElement(RemoteWebDriver.java:363)
	at com.rerun.faiure.listeners.RetryTest.loginTest(RetryTest.java:18)
... Removed 29 stack frames]]>
    </failure>
  </testcase> <!-- loginTest -->
</testsuite> <!-- Test -->
